1620201804812	geckodriver	INFO	Listening on 127.0.0.1:65518
1620201804828	mozrunner::runner	INFO	Running command: "/Applications/Firefox.app/Contents/MacOS/firefox-bin" "--marionette" "--headless" "-foreground" "-no-remote" "-profile" "/var/folders/s4/gvnycpr963s9lwh6s544qk940000gn/T/rust_mozprofileB34cy2"
*** You are running in headless mode.
1620201805262	Marionette	INFO	Marionette enabled
console.warn: SearchSettings: "get: No settings file exists, new profile?" (new Error("", "(unknown module)"))
1620201806667	Marionette	INFO	Listening on port 65523
1620201806693	Marionette	WARN	TLS certificate errors will be ignored for this session
JavaScript warning: https://mostotrest-spb.ru/js/jquery-ready.js, line 1638: unreachable code after return statement
JavaScript warning: https://mostotrest-spb.ru/js/jquery-ready.js, line 1638: unreachable code after return statement
1620201808296	Marionette	WARN	Ignoring event 'pageshow' because document has an invalid readyState of 'interactive'.
JavaScript warning: https://mc.yandex.ru/metrika/watch.js, line 105: Failed to create WebGL context: WebGL creation failed: 
* Can't use WebGL in headless mode (https://bugzil.la/1375585).
JavaScript warning: https://mc.yandex.ru/metrika/watch.js, line 105: Failed to create WebGL context: WebGL creation failed: 
* Can't use WebGL in headless mode (https://bugzil.la/1375585).
JavaScript warning: https://api-maps.yandex.ru/2.1/?lang=ru_RU, line 1: Failed to create WebGL context: WebGL creation failed: 
* Can't use WebGL in headless mode (https://bugzil.la/1375585).
JavaScript warning: https://api-maps.yandex.ru/2.1/?lang=ru_RU, line 1: Failed to create WebGL context: WebGL creation failed: 
* Can't use WebGL in headless mode (https://bugzil.la/1375585).
1620201813810	Marionette	INFO	Stopped listening on port 65523

###!!! [Child][RunMessage] Error: Channel closing: too late to send/recv, messages will be lost

